mode: set
musiclab-be/features/classes/services/service.go:16.53,20.2 1 1
musiclab-be/features/classes/services/service.go:22.96,24.16 2 1
musiclab-be/features/classes/services/service.go:27.2,29.16 3 1
musiclab-be/features/classes/services/service.go:39.2,39.12 1 1
musiclab-be/features/classes/services/service.go:24.16,26.3 1 1
musiclab-be/features/classes/services/service.go:29.16,31.49 2 1
musiclab-be/features/classes/services/service.go:36.3,37.25 2 1
musiclab-be/features/classes/services/service.go:31.49,33.4 1 0
musiclab-be/features/classes/services/service.go:33.9,35.4 1 1
musiclab-be/features/classes/services/service.go:42.97,46.16 3 1
musiclab-be/features/classes/services/service.go:56.2,56.17 1 1
musiclab-be/features/classes/services/service.go:46.16,48.49 2 1
musiclab-be/features/classes/services/service.go:53.3,53.43 1 1
musiclab-be/features/classes/services/service.go:48.49,50.4 1 1
musiclab-be/features/classes/services/service.go:50.9,52.4 1 1
musiclab-be/features/classes/services/service.go:59.83,62.16 2 1
musiclab-be/features/classes/services/service.go:70.2,70.17 1 1
musiclab-be/features/classes/services/service.go:62.16,63.49 1 1
musiclab-be/features/classes/services/service.go:63.49,65.4 1 1
musiclab-be/features/classes/services/service.go:65.9,67.4 1 1
musiclab-be/features/classes/services/service.go:73.126,75.16 2 1
musiclab-be/features/classes/services/service.go:78.2,81.16 3 1
musiclab-be/features/classes/services/service.go:89.2,89.12 1 1
musiclab-be/features/classes/services/service.go:75.16,77.3 1 1
musiclab-be/features/classes/services/service.go:81.16,82.49 1 1
musiclab-be/features/classes/services/service.go:82.49,84.4 1 1
musiclab-be/features/classes/services/service.go:84.9,86.4 1 1
musiclab-be/features/classes/services/service.go:92.68,95.16 2 1
musiclab-be/features/classes/services/service.go:100.2,100.12 1 1
musiclab-be/features/classes/services/service.go:95.16,98.3 2 1
