mode: set
musiclab-be/features/genres/services/service.go:14.51,18.2 1 1
musiclab-be/features/genres/services/service.go:20.69,22.16 2 1
musiclab-be/features/genres/services/service.go:32.2,32.12 1 1
musiclab-be/features/genres/services/service.go:22.16,24.49 2 1
musiclab-be/features/genres/services/service.go:29.3,30.25 2 1
musiclab-be/features/genres/services/service.go:24.49,26.4 1 1
musiclab-be/features/genres/services/service.go:26.9,28.4 1 0
musiclab-be/features/genres/services/service.go:36.60,38.16 2 1
musiclab-be/features/genres/services/service.go:47.2,47.17 1 1
musiclab-be/features/genres/services/service.go:38.16,40.49 2 1
musiclab-be/features/genres/services/service.go:45.3,45.42 1 1
musiclab-be/features/genres/services/service.go:40.49,42.4 1 1
musiclab-be/features/genres/services/service.go:42.9,44.4 1 1
musiclab-be/features/genres/services/service.go:50.90,52.16 2 1
musiclab-be/features/genres/services/service.go:56.2,56.17 1 1
musiclab-be/features/genres/services/service.go:52.16,55.3 2 1
musiclab-be/features/genres/services/service.go:59.63,61.16 2 1
musiclab-be/features/genres/services/service.go:65.2,65.12 1 1
musiclab-be/features/genres/services/service.go:61.16,64.3 2 1
