mode: set
musiclab-be/features/chats/services/service.go:21.85,23.16 2 1
musiclab-be/features/chats/services/service.go:23.16,25.3 1 1
musiclab-be/features/chats/services/service.go:26.2,26.22 1 1
musiclab-be/features/chats/services/service.go:30.92,33.16 3 1
musiclab-be/features/chats/services/service.go:33.16,35.3 1 1
musiclab-be/features/chats/services/service.go:36.2,36.22 1 1
musiclab-be/features/chats/services/service.go:40.60,42.24 2 1
musiclab-be/features/chats/services/service.go:42.24,44.3 1 1
musiclab-be/features/chats/services/service.go:47.2,48.24 2 1
musiclab-be/features/chats/services/service.go:48.24,50.3 1 1
musiclab-be/features/chats/services/service.go:53.2,54.25 2 1
musiclab-be/features/chats/services/service.go:54.25,56.3 1 1
musiclab-be/features/chats/services/service.go:58.2,58.28 1 1
musiclab-be/features/chats/services/service.go:58.28,60.23 2 1
musiclab-be/features/chats/services/service.go:60.23,62.4 1 1
musiclab-be/features/chats/services/service.go:63.3,63.37 1 1
musiclab-be/features/chats/services/service.go:64.8,64.36 1 1
musiclab-be/features/chats/services/service.go:64.36,66.24 2 1
musiclab-be/features/chats/services/service.go:66.24,68.4 1 1
musiclab-be/features/chats/services/service.go:69.3,69.38 1 1
musiclab-be/features/chats/services/service.go:72.2,73.22 2 1
musiclab-be/features/chats/services/service.go:73.22,75.3 1 1
musiclab-be/features/chats/services/service.go:77.2,77.12 1 1
musiclab-be/features/chats/services/service.go:80.95,87.2 1 1
