mode: set
musiclab-be/features/instruments/services/service.go:16.78,18.16 2 1
musiclab-be/features/instruments/services/service.go:18.16,20.3 1 1
musiclab-be/features/instruments/services/service.go:21.2,21.12 1 1
musiclab-be/features/instruments/services/service.go:25.84,27.24 2 0
musiclab-be/features/instruments/services/service.go:27.24,29.3 1 0
musiclab-be/features/instruments/services/service.go:31.2,32.22 2 0
musiclab-be/features/instruments/services/service.go:32.22,34.3 1 0
musiclab-be/features/instruments/services/service.go:35.2,35.12 1 0
musiclab-be/features/instruments/services/service.go:39.71,42.2 2 0
musiclab-be/features/instruments/services/service.go:45.110,48.2 2 0
musiclab-be/features/instruments/services/service.go:50.71,55.2 1 1
