mode: set
musiclab-be/features/auth/services/service.go:31.80,33.28 1 1
musiclab-be/features/auth/services/service.go:33.28,35.3 1 1
musiclab-be/features/auth/services/service.go:38.2,43.24 3 1
musiclab-be/features/auth/services/service.go:43.24,45.3 1 1
musiclab-be/features/auth/services/service.go:48.2,49.24 2 1
musiclab-be/features/auth/services/service.go:49.24,51.3 1 1
musiclab-be/features/auth/services/service.go:54.2,54.26 1 1
musiclab-be/features/auth/services/service.go:54.26,59.29 4 1
musiclab-be/features/auth/services/service.go:59.29,61.4 1 1
musiclab-be/features/auth/services/service.go:62.8,62.34 1 1
musiclab-be/features/auth/services/service.go:62.34,67.30 4 1
musiclab-be/features/auth/services/service.go:67.30,69.4 1 1
musiclab-be/features/auth/services/service.go:73.2,74.24 2 1
musiclab-be/features/auth/services/service.go:74.24,76.3 1 0
musiclab-be/features/auth/services/service.go:78.2,78.27 1 1
musiclab-be/features/auth/services/service.go:82.67,85.21 2 1
musiclab-be/features/auth/services/service.go:85.21,87.3 1 0
musiclab-be/features/auth/services/service.go:90.2,91.24 2 1
musiclab-be/features/auth/services/service.go:91.24,93.3 1 1
musiclab-be/features/auth/services/service.go:95.2,96.24 2 1
musiclab-be/features/auth/services/service.go:96.24,98.3 1 1
musiclab-be/features/auth/services/service.go:101.2,101.26 1 1
musiclab-be/features/auth/services/service.go:101.26,106.29 4 1
musiclab-be/features/auth/services/service.go:106.29,108.4 1 1
musiclab-be/features/auth/services/service.go:109.8,109.34 1 1
musiclab-be/features/auth/services/service.go:109.34,114.30 4 1
musiclab-be/features/auth/services/service.go:114.30,116.4 1 1
musiclab-be/features/auth/services/service.go:119.2,119.12 1 1
musiclab-be/features/auth/services/service.go:123.60,126.24 2 0
musiclab-be/features/auth/services/service.go:126.24,128.3 1 0
musiclab-be/features/auth/services/service.go:131.2,132.22 2 0
musiclab-be/features/auth/services/service.go:132.22,134.3 1 0
musiclab-be/features/auth/services/service.go:137.2,137.33 1 0
musiclab-be/features/auth/services/service.go:137.33,139.3 1 0
musiclab-be/features/auth/services/service.go:142.2,143.21 2 0
musiclab-be/features/auth/services/service.go:143.21,145.3 1 0
musiclab-be/features/auth/services/service.go:148.2,149.21 2 0
musiclab-be/features/auth/services/service.go:149.21,151.3 1 0
musiclab-be/features/auth/services/service.go:154.2,155.23 2 0
musiclab-be/features/auth/services/service.go:155.23,157.3 1 0
musiclab-be/features/auth/services/service.go:160.2,161.24 2 0
musiclab-be/features/auth/services/service.go:161.24,163.3 1 0
musiclab-be/features/auth/services/service.go:165.2,169.56 4 0
musiclab-be/features/auth/services/service.go:169.56,171.36 2 0
musiclab-be/features/auth/services/service.go:171.36,173.9 2 0
musiclab-be/features/auth/services/service.go:177.2,178.24 2 0
musiclab-be/features/auth/services/service.go:178.24,180.3 1 0
musiclab-be/features/auth/services/service.go:182.2,184.16 3 0
musiclab-be/features/auth/services/service.go:184.16,186.3 1 0
musiclab-be/features/auth/services/service.go:188.2,190.16 3 0
musiclab-be/features/auth/services/service.go:190.16,192.3 1 0
musiclab-be/features/auth/services/service.go:194.2,217.27 8 0
musiclab-be/features/auth/services/service.go:217.27,219.3 1 0
musiclab-be/features/auth/services/service.go:221.2,221.12 1 0
musiclab-be/features/auth/services/service.go:225.59,227.24 2 1
musiclab-be/features/auth/services/service.go:227.24,229.3 1 1
musiclab-be/features/auth/services/service.go:231.2,232.20 2 1
musiclab-be/features/auth/services/service.go:232.20,234.3 1 1
musiclab-be/features/auth/services/service.go:237.2,238.24 2 1
musiclab-be/features/auth/services/service.go:238.24,240.3 1 1
musiclab-be/features/auth/services/service.go:243.2,246.20 3 1
musiclab-be/features/auth/services/service.go:246.20,248.3 1 0
musiclab-be/features/auth/services/service.go:249.2,251.30 2 1
musiclab-be/features/auth/services/service.go:251.30,253.23 2 1
musiclab-be/features/auth/services/service.go:253.23,255.4 1 1
musiclab-be/features/auth/services/service.go:256.8,256.38 1 1
musiclab-be/features/auth/services/service.go:256.38,258.24 2 1
musiclab-be/features/auth/services/service.go:258.24,260.4 1 1
musiclab-be/features/auth/services/service.go:261.8,263.3 1 1
musiclab-be/features/auth/services/service.go:265.2,265.12 1 1
musiclab-be/features/auth/services/service.go:268.74,270.24 2 1
musiclab-be/features/auth/services/service.go:270.24,272.3 1 1
musiclab-be/features/auth/services/service.go:273.2,274.27 2 1
musiclab-be/features/auth/services/service.go:274.27,277.17 3 1
musiclab-be/features/auth/services/service.go:277.17,279.4 1 1
musiclab-be/features/auth/services/service.go:280.8,280.35 1 1
musiclab-be/features/auth/services/service.go:280.35,283.17 3 1
musiclab-be/features/auth/services/service.go:283.17,285.4 1 1
musiclab-be/features/auth/services/service.go:286.8,288.3 1 1
musiclab-be/features/auth/services/service.go:290.2,290.62 1 1
musiclab-be/features/auth/services/service.go:290.62,292.3 1 1
musiclab-be/features/auth/services/service.go:294.2,295.21 2 1
musiclab-be/features/auth/services/service.go:295.21,297.3 1 0
musiclab-be/features/auth/services/service.go:299.2,299.24 1 1
musiclab-be/features/auth/services/service.go:302.197,313.2 1 1
