mode: set
musiclab-be/features/schedules/services/service.go:20.85,26.2 1 1
musiclab-be/features/schedules/services/service.go:29.71,31.24 2 1
musiclab-be/features/schedules/services/service.go:31.24,33.3 1 1
musiclab-be/features/schedules/services/service.go:36.2,42.20 6 1
musiclab-be/features/schedules/services/service.go:42.20,44.3 1 1
musiclab-be/features/schedules/services/service.go:47.2,48.24 2 1
musiclab-be/features/schedules/services/service.go:48.24,50.3 1 1
musiclab-be/features/schedules/services/service.go:52.2,62.21 6 1
musiclab-be/features/schedules/services/service.go:62.21,64.3 1 1
musiclab-be/features/schedules/services/service.go:66.2,66.15 1 1
musiclab-be/features/schedules/services/service.go:66.15,68.3 1 1
musiclab-be/features/schedules/services/service.go:70.2,70.12 1 1
musiclab-be/features/schedules/services/service.go:73.76,75.16 2 1
musiclab-be/features/schedules/services/service.go:75.16,77.49 2 1
musiclab-be/features/schedules/services/service.go:77.49,79.4 1 1
musiclab-be/features/schedules/services/service.go:79.9,81.4 1 1
musiclab-be/features/schedules/services/service.go:82.3,83.25 2 1
musiclab-be/features/schedules/services/service.go:85.2,85.12 1 1
musiclab-be/features/schedules/services/service.go:88.88,91.16 2 1
musiclab-be/features/schedules/services/service.go:91.16,93.49 2 1
musiclab-be/features/schedules/services/service.go:93.49,95.4 1 1
musiclab-be/features/schedules/services/service.go:95.9,97.4 1 1
musiclab-be/features/schedules/services/service.go:98.3,98.45 1 1
musiclab-be/features/schedules/services/service.go:101.2,101.17 1 1
musiclab-be/features/schedules/services/service.go:104.74,107.16 2 1
musiclab-be/features/schedules/services/service.go:107.16,110.3 2 1
musiclab-be/features/schedules/services/service.go:112.2,112.12 1 1
