mode: set
musiclab-be/features/transactions/services/service.go:19.122,25.2 1 1
musiclab-be/features/transactions/services/service.go:28.81,30.16 2 1
musiclab-be/features/transactions/services/service.go:30.16,32.3 1 1
musiclab-be/features/transactions/services/service.go:33.2,33.12 1 1
musiclab-be/features/transactions/services/service.go:36.109,44.20 6 1
musiclab-be/features/transactions/services/service.go:44.20,46.3 1 1
musiclab-be/features/transactions/services/service.go:48.2,49.27 2 1
musiclab-be/features/transactions/services/service.go:49.27,51.3 1 1
musiclab-be/features/transactions/services/service.go:53.2,54.29 2 1
musiclab-be/features/transactions/services/service.go:54.29,56.3 1 1
musiclab-be/features/transactions/services/service.go:58.2,67.20 8 1
musiclab-be/features/transactions/services/service.go:67.20,69.3 1 1
musiclab-be/features/transactions/services/service.go:71.2,75.16 4 0
musiclab-be/features/transactions/services/service.go:75.16,77.3 1 0
musiclab-be/features/transactions/services/service.go:79.2,79.30 1 0
musiclab-be/features/transactions/services/service.go:82.114,86.16 3 1
musiclab-be/features/transactions/services/service.go:86.16,88.49 2 1
musiclab-be/features/transactions/services/service.go:88.49,90.4 1 0
musiclab-be/features/transactions/services/service.go:90.9,92.4 1 1
musiclab-be/features/transactions/services/service.go:93.3,93.48 1 1
musiclab-be/features/transactions/services/service.go:96.2,96.17 1 1
musiclab-be/features/transactions/services/service.go:100.116,104.16 3 1
musiclab-be/features/transactions/services/service.go:104.16,106.49 2 1
musiclab-be/features/transactions/services/service.go:106.49,108.4 1 0
musiclab-be/features/transactions/services/service.go:108.9,110.4 1 1
musiclab-be/features/transactions/services/service.go:111.3,111.48 1 1
musiclab-be/features/transactions/services/service.go:114.2,114.17 1 1
